<?xml version="1.0" encoding="UTF-8"?>
<!-- Generated by org.testng.reporters.JUnitReportReporter -->
<testsuite hostname="DESKTOP-B1JH87U" failures="0" tests="1" name="Module1_Login_Test.SwagLabLoginTest" time="14.070" errors="0" timestamp="2023-12-10T21:12:46 GMT-05:00" skipped="0">
  <testcase classname="Module1_Login_Test.SwagLabLoginTest" name="TC1" time="14.070"/>
</testsuite> <!-- Module1_Login_Test.SwagLabLoginTest -->
